2021-07-14 15:58:30.813 发送数据
2021-07-14 15:58:30.813 发送数据2021-07-14 15:58:31.545 发送数据
2021-07-14 15:58:30.813 发送数据2021-07-14 15:58:31.545 发送数据2021-07-14 15:58:31.920 发送数据
2021-07-14 15:58:30.813 发送数据2021-07-14 15:58:31.545 发送数据2021-07-14 15:58:31.920 发送数据2021-07-14 15:58:32.239 发送数据
2021-07-14 15:58:30.813 发送数据2021-07-14 15:58:31.545 发送数据2021-07-14 15:58:31.920 发送数据2021-07-14 15:58:32.239 发送数据2021-07-14 15:58:32.487 发送数据
2021-07-14 15:58:30.813 发送数据2021-07-14 15:58:31.545 发送数据2021-07-14 15:58:31.920 发送数据2021-07-14 15:58:32.239 发送数据2021-07-14 15:58:32.487 发送数据2021-07-14 15:58:32.694 发送数据
2021-07-14 15:58:30.813 发送数据2021-07-14 15:58:31.545 发送数据2021-07-14 15:58:31.920 发送数据2021-07-14 15:58:32.239 发送数据2021-07-14 15:58:32.487 发送数据2021-07-14 15:58:32.694 发送数据2021-07-14 15:58:32.909 发送数据
2021-07-14 15:58:30.813 发送数据2021-07-14 15:58:31.545 发送数据2021-07-14 15:58:31.920 发送数据2021-07-14 15:58:32.239 发送数据2021-07-14 15:58:32.487 发送数据2021-07-14 15:58:32.694 发送数据2021-07-14 15:58:32.909 发送数据2021-07-14 15:58:33.122 发送数据
2021-07-14 15:58:30.813 发送数据2021-07-14 15:58:31.545 发送数据2021-07-14 15:58:31.920 发送数据2021-07-14 15:58:32.239 发送数据2021-07-14 15:58:32.487 发送数据2021-07-14 15:58:32.694 发送数据2021-07-14 15:58:32.909 发送数据2021-07-14 15:58:33.122 发送数据2021-07-14 15:58:33.321 发送数据
2021-07-14 15:58:30.813 发送数据2021-07-14 15:58:31.545 发送数据2021-07-14 15:58:31.920 发送数据2021-07-14 15:58:32.239 发送数据2021-07-14 15:58:32.487 发送数据2021-07-14 15:58:32.694 发送数据2021-07-14 15:58:32.909 发送数据2021-07-14 15:58:33.122 发送数据2021-07-14 15:58:33.321 发送数据2021-07-14 15:58:33.522 发送数据
2021-07-14 15:58:30.813 发送数据2021-07-14 15:58:31.545 发送数据2021-07-14 15:58:31.920 发送数据2021-07-14 15:58:32.239 发送数据2021-07-14 15:58:32.487 发送数据2021-07-14 15:58:32.694 发送数据2021-07-14 15:58:32.909 发送数据2021-07-14 15:58:33.122 发送数据2021-07-14 15:58:33.321 发送数据2021-07-14 15:58:33.522 发送数据2021-07-14 15:58:33.719 发送数据
2021-07-14 15:58:30.813 发送数据2021-07-14 15:58:31.545 发送数据2021-07-14 15:58:31.920 发送数据2021-07-14 15:58:32.239 发送数据2021-07-14 15:58:32.487 发送数据2021-07-14 15:58:32.694 发送数据2021-07-14 15:58:32.909 发送数据2021-07-14 15:58:33.122 发送数据2021-07-14 15:58:33.321 发送数据2021-07-14 15:58:33.522 发送数据2021-07-14 15:58:33.719 发送数据2021-07-14 15:58:33.914 发送数据
2021-07-14 15:58:30.813 发送数据2021-07-14 15:58:31.545 发送数据2021-07-14 15:58:31.920 发送数据2021-07-14 15:58:32.239 发送数据2021-07-14 15:58:32.487 发送数据2021-07-14 15:58:32.694 发送数据2021-07-14 15:58:32.909 发送数据2021-07-14 15:58:33.122 发送数据2021-07-14 15:58:33.321 发送数据2021-07-14 15:58:33.522 发送数据2021-07-14 15:58:33.719 发送数据2021-07-14 15:58:33.914 发送数据2021-07-14 15:58:34.114 发送数据
2021-07-14 15:58:30.813 发送数据2021-07-14 15:58:31.545 发送数据2021-07-14 15:58:31.920 发送数据2021-07-14 15:58:32.239 发送数据2021-07-14 15:58:32.487 发送数据2021-07-14 15:58:32.694 发送数据2021-07-14 15:58:32.909 发送数据2021-07-14 15:58:33.122 发送数据2021-07-14 15:58:33.321 发送数据2021-07-14 15:58:33.522 发送数据2021-07-14 15:58:33.719 发送数据2021-07-14 15:58:33.914 发送数据2021-07-14 15:58:34.114 发送数据2021-07-14 15:58:34.321 发送数据
2021-07-14 15:58:30.813 发送数据2021-07-14 15:58:31.545 发送数据2021-07-14 15:58:31.920 发送数据2021-07-14 15:58:32.239 发送数据2021-07-14 15:58:32.487 发送数据2021-07-14 15:58:32.694 发送数据2021-07-14 15:58:32.909 发送数据2021-07-14 15:58:33.122 发送数据2021-07-14 15:58:33.321 发送数据2021-07-14 15:58:33.522 发送数据2021-07-14 15:58:33.719 发送数据2021-07-14 15:58:33.914 发送数据2021-07-14 15:58:34.114 发送数据2021-07-14 15:58:34.321 发送数据2021-07-14 15:58:34.514 发送数据
2021-07-14 15:58:30.813 发送数据2021-07-14 15:58:31.545 发送数据2021-07-14 15:58:31.920 发送数据2021-07-14 15:58:32.239 发送数据2021-07-14 15:58:32.487 发送数据2021-07-14 15:58:32.694 发送数据2021-07-14 15:58:32.909 发送数据2021-07-14 15:58:33.122 发送数据2021-07-14 15:58:33.321 发送数据2021-07-14 15:58:33.522 发送数据2021-07-14 15:58:33.719 发送数据2021-07-14 15:58:33.914 发送数据2021-07-14 15:58:34.114 发送数据2021-07-14 15:58:34.321 发送数据2021-07-14 15:58:34.514 发送数据2021-07-14 15:58:34.711 发送数据
2021-07-14 15:58:30.813 发送数据2021-07-14 15:58:31.545 发送数据2021-07-14 15:58:31.920 发送数据2021-07-14 15:58:32.239 发送数据2021-07-14 15:58:32.487 发送数据2021-07-14 15:58:32.694 发送数据2021-07-14 15:58:32.909 发送数据2021-07-14 15:58:33.122 发送数据2021-07-14 15:58:33.321 发送数据2021-07-14 15:58:33.522 发送数据2021-07-14 15:58:33.719 发送数据2021-07-14 15:58:33.914 发送数据2021-07-14 15:58:34.114 发送数据2021-07-14 15:58:34.321 发送数据2021-07-14 15:58:34.514 发送数据2021-07-14 15:58:34.711 发送数据2021-07-14 15:58:34.902 发送数据
2021-07-14 15:58:30.813 发送数据2021-07-14 15:58:31.545 发送数据2021-07-14 15:58:31.920 发送数据2021-07-14 15:58:32.239 发送数据2021-07-14 15:58:32.487 发送数据2021-07-14 15:58:32.694 发送数据2021-07-14 15:58:32.909 发送数据2021-07-14 15:58:33.122 发送数据2021-07-14 15:58:33.321 发送数据2021-07-14 15:58:33.522 发送数据2021-07-14 15:58:33.719 发送数据2021-07-14 15:58:33.914 发送数据2021-07-14 15:58:34.114 发送数据2021-07-14 15:58:34.321 发送数据2021-07-14 15:58:34.514 发送数据2021-07-14 15:58:34.711 发送数据2021-07-14 15:58:34.902 发送数据2021-07-14 15:58:35.031 发送数据
2021-07-14 15:58:30.813 发送数据2021-07-14 15:58:31.545 发送数据2021-07-14 15:58:31.920 发送数据2021-07-14 15:58:32.239 发送数据2021-07-14 15:58:32.487 发送数据2021-07-14 15:58:32.694 发送数据2021-07-14 15:58:32.909 发送数据2021-07-14 15:58:33.122 发送数据2021-07-14 15:58:33.321 发送数据2021-07-14 15:58:33.522 发送数据2021-07-14 15:58:33.719 发送数据2021-07-14 15:58:33.914 发送数据2021-07-14 15:58:34.114 发送数据2021-07-14 15:58:34.321 发送数据2021-07-14 15:58:34.514 发送数据2021-07-14 15:58:34.711 发送数据2021-07-14 15:58:34.902 发送数据2021-07-14 15:58:35.031 发送数据2021-07-14 15:58:35.198 发送数据
2021-07-14 15:58:30.813 发送数据2021-07-14 15:58:31.545 发送数据2021-07-14 15:58:31.920 发送数据2021-07-14 15:58:32.239 发送数据2021-07-14 15:58:32.487 发送数据2021-07-14 15:58:32.694 发送数据2021-07-14 15:58:32.909 发送数据2021-07-14 15:58:33.122 发送数据2021-07-14 15:58:33.321 发送数据2021-07-14 15:58:33.522 发送数据2021-07-14 15:58:33.719 发送数据2021-07-14 15:58:33.914 发送数据2021-07-14 15:58:34.114 发送数据2021-07-14 15:58:34.321 发送数据2021-07-14 15:58:34.514 发送数据2021-07-14 15:58:34.711 发送数据2021-07-14 15:58:34.902 发送数据2021-07-14 15:58:35.031 发送数据2021-07-14 15:58:35.198 发送数据2021-07-14 15:58:35.419 发送数据
2021-07-14 15:59:31.436 发送数据
2021-07-14 15:59:31.436 发送数据
2021-07-14 15:59:32.006 发送数据
2021-07-14 15:59:31.436 发送数据
2021-07-14 15:59:32.006 发送数据
2021-07-14 15:59:32.329 发送数据
2021-07-14 15:59:31.436 发送数据
2021-07-14 15:59:32.006 发送数据
2021-07-14 15:59:32.329 发送数据
2021-07-14 15:59:32.613 发送数据
2021-07-14 15:59:31.436 发送数据
2021-07-14 15:59:32.006 发送数据
2021-07-14 15:59:32.329 发送数据
2021-07-14 15:59:32.613 发送数据
2021-07-14 15:59:32.817 发送数据
2021-07-14 15:59:31.436 发送数据
2021-07-14 15:59:32.006 发送数据
2021-07-14 15:59:32.329 发送数据
2021-07-14 15:59:32.613 发送数据
2021-07-14 15:59:32.817 发送数据
2021-07-14 15:59:33.024 发送数据
2021-07-14 15:59:31.436 发送数据
2021-07-14 15:59:32.006 发送数据
2021-07-14 15:59:32.329 发送数据
2021-07-14 15:59:32.613 发送数据
2021-07-14 15:59:32.817 发送数据
2021-07-14 15:59:33.024 发送数据
2021-07-14 15:59:33.239 发送数据
2021-07-14 15:59:31.436 发送数据
2021-07-14 15:59:32.006 发送数据
2021-07-14 15:59:32.329 发送数据
2021-07-14 15:59:32.613 发送数据
2021-07-14 15:59:32.817 发送数据
2021-07-14 15:59:33.024 发送数据
2021-07-14 15:59:33.239 发送数据
2021-07-14 15:59:33.440 发送数据
2021-07-14 15:59:31.436 发送数据
2021-07-14 15:59:32.006 发送数据
2021-07-14 15:59:32.329 发送数据
2021-07-14 15:59:32.613 发送数据
2021-07-14 15:59:32.817 发送数据
2021-07-14 15:59:33.024 发送数据
2021-07-14 15:59:33.239 发送数据
2021-07-14 15:59:33.440 发送数据
2021-07-14 15:59:33.683 发送数据
2021-07-14 15:59:31.436 发送数据
2021-07-14 15:59:32.006 发送数据
2021-07-14 15:59:32.329 发送数据
2021-07-14 15:59:32.613 发送数据
2021-07-14 15:59:32.817 发送数据
2021-07-14 15:59:33.024 发送数据
2021-07-14 15:59:33.239 发送数据
2021-07-14 15:59:33.440 发送数据
2021-07-14 15:59:33.683 发送数据
2021-07-14 15:59:33.907 发送数据
2021-07-14 15:59:31.436 发送数据
2021-07-14 15:59:32.006 发送数据
2021-07-14 15:59:32.329 发送数据
2021-07-14 15:59:32.613 发送数据
2021-07-14 15:59:32.817 发送数据
2021-07-14 15:59:33.024 发送数据
2021-07-14 15:59:33.239 发送数据
2021-07-14 15:59:33.440 发送数据
2021-07-14 15:59:33.683 发送数据
2021-07-14 15:59:33.907 发送数据
2021-07-14 15:59:34.153 发送数据
2021-07-14 15:59:31.436 发送数据
2021-07-14 15:59:32.006 发送数据
2021-07-14 15:59:32.329 发送数据
2021-07-14 15:59:32.613 发送数据
2021-07-14 15:59:32.817 发送数据
2021-07-14 15:59:33.024 发送数据
2021-07-14 15:59:33.239 发送数据
2021-07-14 15:59:33.440 发送数据
2021-07-14 15:59:33.683 发送数据
2021-07-14 15:59:33.907 发送数据
2021-07-14 15:59:34.153 发送数据
2021-07-14 15:59:34.396 发送数据
2021-07-14 15:59:31.436 发送数据
2021-07-14 15:59:32.006 发送数据
2021-07-14 15:59:32.329 发送数据
2021-07-14 15:59:32.613 发送数据
2021-07-14 15:59:32.817 发送数据
2021-07-14 15:59:33.024 发送数据
2021-07-14 15:59:33.239 发送数据
2021-07-14 15:59:33.440 发送数据
2021-07-14 15:59:33.683 发送数据
2021-07-14 15:59:33.907 发送数据
2021-07-14 15:59:34.153 发送数据
2021-07-14 15:59:34.396 发送数据
2021-07-14 15:59:34.615 发送数据
2021-07-14 15:59:31.436 发送数据
2021-07-14 15:59:32.006 发送数据
2021-07-14 15:59:32.329 发送数据
2021-07-14 15:59:32.613 发送数据
2021-07-14 15:59:32.817 发送数据
2021-07-14 15:59:33.024 发送数据
2021-07-14 15:59:33.239 发送数据
2021-07-14 15:59:33.440 发送数据
2021-07-14 15:59:33.683 发送数据
2021-07-14 15:59:33.907 发送数据
2021-07-14 15:59:34.153 发送数据
2021-07-14 15:59:34.396 发送数据
2021-07-14 15:59:34.615 发送数据
2021-07-14 15:59:34.847 发送数据
2021-07-14 15:59:31.436 发送数据
2021-07-14 15:59:32.006 发送数据
2021-07-14 15:59:32.329 发送数据
2021-07-14 15:59:32.613 发送数据
2021-07-14 15:59:32.817 发送数据
2021-07-14 15:59:33.024 发送数据
2021-07-14 15:59:33.239 发送数据
2021-07-14 15:59:33.440 发送数据
2021-07-14 15:59:33.683 发送数据
2021-07-14 15:59:33.907 发送数据
2021-07-14 15:59:34.153 发送数据
2021-07-14 15:59:34.396 发送数据
2021-07-14 15:59:34.615 发送数据
2021-07-14 15:59:34.847 发送数据
2021-07-14 15:59:35.058 发送数据
2021-07-14 15:59:31.436 发送数据
2021-07-14 15:59:32.006 发送数据
2021-07-14 15:59:32.329 发送数据
2021-07-14 15:59:32.613 发送数据
2021-07-14 15:59:32.817 发送数据
2021-07-14 15:59:33.024 发送数据
2021-07-14 15:59:33.239 发送数据
2021-07-14 15:59:33.440 发送数据
2021-07-14 15:59:33.683 发送数据
2021-07-14 15:59:33.907 发送数据
2021-07-14 15:59:34.153 发送数据
2021-07-14 15:59:34.396 发送数据
2021-07-14 15:59:34.615 发送数据
2021-07-14 15:59:34.847 发送数据
2021-07-14 15:59:35.058 发送数据
2021-07-14 15:59:35.267 发送数据
2021-07-14 15:59:31.436 发送数据
2021-07-14 15:59:32.006 发送数据
2021-07-14 15:59:32.329 发送数据
2021-07-14 15:59:32.613 发送数据
2021-07-14 15:59:32.817 发送数据
2021-07-14 15:59:33.024 发送数据
2021-07-14 15:59:33.239 发送数据
2021-07-14 15:59:33.440 发送数据
2021-07-14 15:59:33.683 发送数据
2021-07-14 15:59:33.907 发送数据
2021-07-14 15:59:34.153 发送数据
2021-07-14 15:59:34.396 发送数据
2021-07-14 15:59:34.615 发送数据
2021-07-14 15:59:34.847 发送数据
2021-07-14 15:59:35.058 发送数据
2021-07-14 15:59:35.267 发送数据
2021-07-14 15:59:35.470 发送数据
2021-07-14 15:59:31.436 发送数据
2021-07-14 15:59:32.006 发送数据
2021-07-14 15:59:32.329 发送数据
2021-07-14 15:59:32.613 发送数据
2021-07-14 15:59:32.817 发送数据
2021-07-14 15:59:33.024 发送数据
2021-07-14 15:59:33.239 发送数据
2021-07-14 15:59:33.440 发送数据
2021-07-14 15:59:33.683 发送数据
2021-07-14 15:59:33.907 发送数据
2021-07-14 15:59:34.153 发送数据
2021-07-14 15:59:34.396 发送数据
2021-07-14 15:59:34.615 发送数据
2021-07-14 15:59:34.847 发送数据
2021-07-14 15:59:35.058 发送数据
2021-07-14 15:59:35.267 发送数据
2021-07-14 15:59:35.470 发送数据
2021-07-14 15:59:35.673 发送数据
2021-07-14 15:59:31.436 发送数据
2021-07-14 15:59:32.006 发送数据
2021-07-14 15:59:32.329 发送数据
2021-07-14 15:59:32.613 发送数据
2021-07-14 15:59:32.817 发送数据
2021-07-14 15:59:33.024 发送数据
2021-07-14 15:59:33.239 发送数据
2021-07-14 15:59:33.440 发送数据
2021-07-14 15:59:33.683 发送数据
2021-07-14 15:59:33.907 发送数据
2021-07-14 15:59:34.153 发送数据
2021-07-14 15:59:34.396 发送数据
2021-07-14 15:59:34.615 发送数据
2021-07-14 15:59:34.847 发送数据
2021-07-14 15:59:35.058 发送数据
2021-07-14 15:59:35.267 发送数据
2021-07-14 15:59:35.470 发送数据
2021-07-14 15:59:35.673 发送数据
2021-07-14 15:59:35.865 发送数据
2021-07-14 15:59:31.436 发送数据
2021-07-14 15:59:32.006 发送数据
2021-07-14 15:59:32.329 发送数据
2021-07-14 15:59:32.613 发送数据
2021-07-14 15:59:32.817 发送数据
2021-07-14 15:59:33.024 发送数据
2021-07-14 15:59:33.239 发送数据
2021-07-14 15:59:33.440 发送数据
2021-07-14 15:59:33.683 发送数据
2021-07-14 15:59:33.907 发送数据
2021-07-14 15:59:34.153 发送数据
2021-07-14 15:59:34.396 发送数据
2021-07-14 15:59:34.615 发送数据
2021-07-14 15:59:34.847 发送数据
2021-07-14 15:59:35.058 发送数据
2021-07-14 15:59:35.267 发送数据
2021-07-14 15:59:35.470 发送数据
2021-07-14 15:59:35.673 发送数据
2021-07-14 15:59:35.865 发送数据
2021-07-14 15:59:36.030 发送数据
2021-07-14 15:59:31.436 发送数据
2021-07-14 15:59:32.006 发送数据
2021-07-14 15:59:32.329 发送数据
2021-07-14 15:59:32.613 发送数据
2021-07-14 15:59:32.817 发送数据
2021-07-14 15:59:33.024 发送数据
2021-07-14 15:59:33.239 发送数据
2021-07-14 15:59:33.440 发送数据
2021-07-14 15:59:33.683 发送数据
2021-07-14 15:59:33.907 发送数据
2021-07-14 15:59:34.153 发送数据
2021-07-14 15:59:34.396 发送数据
2021-07-14 15:59:34.615 发送数据
2021-07-14 15:59:34.847 发送数据
2021-07-14 15:59:35.058 发送数据
2021-07-14 15:59:35.267 发送数据
2021-07-14 15:59:35.470 发送数据
2021-07-14 15:59:35.673 发送数据
2021-07-14 15:59:35.865 发送数据
2021-07-14 15:59:36.030 发送数据
2021-07-14 15:59:36.220 发送数据
2021-07-14 16:01:36.889 发送数据
